<?xml version="1.0" encoding="UTF-8"?>
<!-- Generated by org.testng.reporters.JUnitReportReporter -->
<testsuite hostname="985aeb8bfba8.ant.amazon.com" name="org.workflow.tst.MemoryWorkflowTest" tests="2" failures="0" timestamp="12 Apr 2016 05:48:08 GMT" time="0.003" errors="0">
  <testcase name="testHappyCase" time="0.002" classname="org.workflow.tst.MemoryWorkflowTest"/>
  <testcase name="testUnhappyCase" time="0.001" classname="org.workflow.tst.MemoryWorkflowTest"/>
</testsuite>
